<?xml version="1.0" encoding="UTF-8"?>
<!-- Generated by org.testng.reporters.JUnitXMLReporter -->
<testsuite hostname="Admin" ignored="0" name="Test" tests="4" failures="0" timestamp="07 Jul 2021 14:18:03 GMT" time="0.145" errors="0">
  <testcase name="TC1" time="0.028" classname="com.mavendemo.Testclass"/>
  <testcase name="TC2" time="0.004" classname="com.mavendemo.Testclass"/>
  <testcase name="TC3" time="0.006" classname="com.mavendemo.Testcalss2"/>
  <testcase name="TC4" time="0.007" classname="com.mavendemo.Testcalss2"/>
</testsuite> <!-- Test -->
